********************************************************************************
DUPLICATOR-LITE PACKAGE-LOG: 3 de December de 2020 05:58
NOTICE: Do NOT post to public sites or forums 
********************************************************************************
VERSION:	1.3.40
WORDPRESS:	5.5.3
PHP INFO:	7.3.21 | SAPI: apache2handler
SERVER:		Apache/2.4.46 (Win64) PHP/7.3.21 
PHP TIME LIMIT: (0) no time limit imposed 
PHP MAX MEMORY: 4294967296 (1024M default) 
MEMORY STACK: 2MB

********************************************************************************
DATABASE:
********************************************************************************
BUILD MODE:   PHP(query limit - 100)
MYSQLTIMEOUT: 5000
MYSQLDUMP:    Not Supported
TABLES: total:15 | filtered:0 | create:15
FILTERED: []
SQL CREATED: 20201203_ambientedeestudo_7cd139a30c7031c68716_20201203055818_database.sql
SQL FILE SIZE: 756.24KB (774385)
SQL FILE TIME: 2020-12-03 05:58:30
SQL RUNTIME: 1.18 sec.

********************************************************************************
ARCHIVE (ZIP):
********************************************************************************
ARCHIVE DIR:  G:/wampserver/www/githubforwordpress
ARCHIVE FILE: 20201203_ambientedeestudo_7cd139a30c7031c68716_20201203055818_archive.zip
FILTERS: *ON*
DIRS:
	not set
FILES:
	not set
EXTS:  not set
----------------------------------------
COMPRESSING
SIZE:	0B
STATS:	Dirs 0 | Files 0
SQL ADDED: 20201203_ambientedeestudo_7cd139a30c7031c68716_20201203055818_database.sql
ZipArchive Object
(
    [status] => 0
    [statusSys] => 0
    [numFiles] => 1
    [filename] => G:\wampserver\www\githubforwordpress\wp-content\backups-dup-lite\tmp\20201203_ambientedeestudo_7cd139a30c7031c68716_20201203055818_archive.zip
    [comment] => 
)

FILE ADDED TO ZIP: 0
COMPRESSION RESULT: '1'
COMPRESSED SIZE: 155.83KB
ARCHIVE RUNTIME: 0.06 sec.
MEMORY STACK: 4MB
building installer
add_extra_files1
add_extra_files2
add_extra_files3
add_extra_files4
Doing archive file check
add_extra_files5
add_extra_files6
add_extra_files8
Successfully opened zip G:/wampserver/www/githubforwordpress/wp-content/backups-dup-lite/tmp/20201203_ambientedeestudo_7cd139a30c7031c68716_20201203055818_archive.zip
Adding enhanced installer files to archive using ZipArchive
Installer files added to archive
Added to archive
After ziparchive close when adding installer

********************************************************************************
INTEGRITY CHECKS:
********************************************************************************
SQL FILE: 756.24KB
INSTALLER FILE: 61.32KB
ARCHIVE FILE: 1.62MB 
EXPECTED FILE/DIRECTORY COUNT: 0
ACTUAL FILE/DIRECTORY COUNT: 0
ARCHIVE CONSISTENCY TEST: Pass

********************************************************************************
RECORD ID:[1]
TOTAL PROCESS RUNTIME: 2.12 sec.
PEAK PHP MEMORY USED: 4MB
DONE PROCESSING => 20201203_ambientedeestudo 3 de December de 2020 05:58

